ERROR - 2022-12-20 23:24:51 --> You have an error in your SQL syntax; check the manual that corresponds to your MySQL server version for the right syntax to use near 'IS NULL
AND `tgl_pemesanan` < IS NULL' at line 4
CRITICAL - 2022-12-20 23:24:51 --> You have an error in your SQL syntax; check the manual that corresponds to your MySQL server version for the right syntax to use near 'IS NULL
AND `tgl_pemesanan` < IS NULL' at line 4
#0 /Applications/MAMP/htdocs/tiketkapal/system/Database/MySQLi/Connection.php(292): mysqli->query('SELECT *\nFROM `...', 0)
#1 /Applications/MAMP/htdocs/tiketkapal/system/Database/BaseConnection.php(670): CodeIgniter\Database\MySQLi\Connection->execute('SELECT *\nFROM `...')
#2 /Applications/MAMP/htdocs/tiketkapal/system/Database/BaseConnection.php(598): CodeIgniter\Database\BaseConnection->simpleQuery('SELECT *\nFROM `...')
#3 /Applications/MAMP/htdocs/tiketkapal/system/Database/BaseBuilder.php(1455): CodeIgniter\Database\BaseConnection->query('SELECT *\nFROM `...', Array, false)
#4 /Applications/MAMP/htdocs/tiketkapal/app/Models/M_pesantiket.php(47): CodeIgniter\Database\BaseBuilder->get()
#5 /Applications/MAMP/htdocs/tiketkapal/app/Controllers/Laporan.php(33): App\Models\M_pesantiket->filter(Array)
#6 /Applications/MAMP/htdocs/tiketkapal/system/CodeIgniter.php(832): App\Controllers\Laporan->filter()
#7 /Applications/MAMP/htdocs/tiketkapal/system/CodeIgniter.php(419): CodeIgniter\CodeIgniter->runController(Object(App\Controllers\Laporan))
#8 /Applications/MAMP/htdocs/tiketkapal/system/CodeIgniter.php(326): CodeIgniter\CodeIgniter->handleRequest(NULL, Object(Config\Cache), false)
#9 /Applications/MAMP/htdocs/tiketkapal/public/index.php(37): CodeIgniter\CodeIgniter->run()
#10 /Applications/MAMP/htdocs/tiketkapal/system/Commands/Server/rewrite.php(43): require_once('/Applications/M...')
#11 {main}
ERROR - 2022-12-20 23:25:10 --> You have an error in your SQL syntax; check the manual that corresponds to your MySQL server version for the right syntax to use near 'IS NULL
AND `tgl_pemesanan` < IS NULL' at line 4
CRITICAL - 2022-12-20 23:25:10 --> You have an error in your SQL syntax; check the manual that corresponds to your MySQL server version for the right syntax to use near 'IS NULL
AND `tgl_pemesanan` < IS NULL' at line 4
#0 /Applications/MAMP/htdocs/tiketkapal/system/Database/MySQLi/Connection.php(292): mysqli->query('SELECT *\nFROM `...', 0)
#1 /Applications/MAMP/htdocs/tiketkapal/system/Database/BaseConnection.php(670): CodeIgniter\Database\MySQLi\Connection->execute('SELECT *\nFROM `...')
#2 /Applications/MAMP/htdocs/tiketkapal/system/Database/BaseConnection.php(598): CodeIgniter\Database\BaseConnection->simpleQuery('SELECT *\nFROM `...')
#3 /Applications/MAMP/htdocs/tiketkapal/system/Database/BaseBuilder.php(1455): CodeIgniter\Database\BaseConnection->query('SELECT *\nFROM `...', Array, false)
#4 /Applications/MAMP/htdocs/tiketkapal/app/Models/M_pesantiket.php(47): CodeIgniter\Database\BaseBuilder->get()
#5 /Applications/MAMP/htdocs/tiketkapal/app/Controllers/Laporan.php(33): App\Models\M_pesantiket->filter(Array)
#6 /Applications/MAMP/htdocs/tiketkapal/system/CodeIgniter.php(832): App\Controllers\Laporan->filter()
#7 /Applications/MAMP/htdocs/tiketkapal/system/CodeIgniter.php(419): CodeIgniter\CodeIgniter->runController(Object(App\Controllers\Laporan))
#8 /Applications/MAMP/htdocs/tiketkapal/system/CodeIgniter.php(326): CodeIgniter\CodeIgniter->handleRequest(NULL, Object(Config\Cache), false)
#9 /Applications/MAMP/htdocs/tiketkapal/public/index.php(37): CodeIgniter\CodeIgniter->run()
#10 /Applications/MAMP/htdocs/tiketkapal/system/Commands/Server/rewrite.php(43): require_once('/Applications/M...')
#11 {main}
ERROR - 2022-12-20 23:29:16 --> You have an error in your SQL syntax; check the manual that corresponds to your MySQL server version for the right syntax to use near 'IS NULL
AND `tgl_pemesanan` < IS NULL' at line 4
CRITICAL - 2022-12-20 23:29:16 --> You have an error in your SQL syntax; check the manual that corresponds to your MySQL server version for the right syntax to use near 'IS NULL
AND `tgl_pemesanan` < IS NULL' at line 4
#0 /Applications/MAMP/htdocs/tiketkapal/system/Database/MySQLi/Connection.php(292): mysqli->query('SELECT *\nFROM `...', 0)
#1 /Applications/MAMP/htdocs/tiketkapal/system/Database/BaseConnection.php(670): CodeIgniter\Database\MySQLi\Connection->execute('SELECT *\nFROM `...')
#2 /Applications/MAMP/htdocs/tiketkapal/system/Database/BaseConnection.php(598): CodeIgniter\Database\BaseConnection->simpleQuery('SELECT *\nFROM `...')
#3 /Applications/MAMP/htdocs/tiketkapal/system/Database/BaseBuilder.php(1455): CodeIgniter\Database\BaseConnection->query('SELECT *\nFROM `...', Array, false)
#4 /Applications/MAMP/htdocs/tiketkapal/app/Models/M_pesantiket.php(47): CodeIgniter\Database\BaseBuilder->get()
#5 /Applications/MAMP/htdocs/tiketkapal/app/Controllers/Laporan.php(33): App\Models\M_pesantiket->filter(Array)
#6 /Applications/MAMP/htdocs/tiketkapal/system/CodeIgniter.php(832): App\Controllers\Laporan->filter()
#7 /Applications/MAMP/htdocs/tiketkapal/system/CodeIgniter.php(419): CodeIgniter\CodeIgniter->runController(Object(App\Controllers\Laporan))
#8 /Applications/MAMP/htdocs/tiketkapal/system/CodeIgniter.php(326): CodeIgniter\CodeIgniter->handleRequest(NULL, Object(Config\Cache), false)
#9 /Applications/MAMP/htdocs/tiketkapal/public/index.php(37): CodeIgniter\CodeIgniter->run()
#10 /Applications/MAMP/htdocs/tiketkapal/system/Commands/Server/rewrite.php(43): require_once('/Applications/M...')
#11 {main}
ERROR - 2022-12-20 23:32:02 --> You have an error in your SQL syntax; check the manual that corresponds to your MySQL server version for the right syntax to use near 'IS NULL
AND `tgl_pemesanan` < IS NULL' at line 4
CRITICAL - 2022-12-20 23:32:02 --> You have an error in your SQL syntax; check the manual that corresponds to your MySQL server version for the right syntax to use near 'IS NULL
AND `tgl_pemesanan` < IS NULL' at line 4
#0 /Applications/MAMP/htdocs/tiketkapal/system/Database/MySQLi/Connection.php(292): mysqli->query('SELECT *\nFROM `...', 0)
#1 /Applications/MAMP/htdocs/tiketkapal/system/Database/BaseConnection.php(670): CodeIgniter\Database\MySQLi\Connection->execute('SELECT *\nFROM `...')
#2 /Applications/MAMP/htdocs/tiketkapal/system/Database/BaseConnection.php(598): CodeIgniter\Database\BaseConnection->simpleQuery('SELECT *\nFROM `...')
#3 /Applications/MAMP/htdocs/tiketkapal/system/Database/BaseBuilder.php(1455): CodeIgniter\Database\BaseConnection->query('SELECT *\nFROM `...', Array, false)
#4 /Applications/MAMP/htdocs/tiketkapal/app/Models/M_pesantiket.php(47): CodeIgniter\Database\BaseBuilder->get()
#5 /Applications/MAMP/htdocs/tiketkapal/app/Controllers/Laporan.php(33): App\Models\M_pesantiket->filter(Array)
#6 /Applications/MAMP/htdocs/tiketkapal/system/CodeIgniter.php(832): App\Controllers\Laporan->filter()
#7 /Applications/MAMP/htdocs/tiketkapal/system/CodeIgniter.php(419): CodeIgniter\CodeIgniter->runController(Object(App\Controllers\Laporan))
#8 /Applications/MAMP/htdocs/tiketkapal/system/CodeIgniter.php(326): CodeIgniter\CodeIgniter->handleRequest(NULL, Object(Config\Cache), false)
#9 /Applications/MAMP/htdocs/tiketkapal/public/index.php(37): CodeIgniter\CodeIgniter->run()
#10 /Applications/MAMP/htdocs/tiketkapal/system/Commands/Server/rewrite.php(43): require_once('/Applications/M...')
#11 {main}
ERROR - 2022-12-20 23:32:11 --> You have an error in your SQL syntax; check the manual that corresponds to your MySQL server version for the right syntax to use near 'IS NULL
AND `tgl_pemesanan` < IS NULL' at line 4
CRITICAL - 2022-12-20 23:32:11 --> You have an error in your SQL syntax; check the manual that corresponds to your MySQL server version for the right syntax to use near 'IS NULL
AND `tgl_pemesanan` < IS NULL' at line 4
#0 /Applications/MAMP/htdocs/tiketkapal/system/Database/MySQLi/Connection.php(292): mysqli->query('SELECT *\nFROM `...', 0)
#1 /Applications/MAMP/htdocs/tiketkapal/system/Database/BaseConnection.php(670): CodeIgniter\Database\MySQLi\Connection->execute('SELECT *\nFROM `...')
#2 /Applications/MAMP/htdocs/tiketkapal/system/Database/BaseConnection.php(598): CodeIgniter\Database\BaseConnection->simpleQuery('SELECT *\nFROM `...')
#3 /Applications/MAMP/htdocs/tiketkapal/system/Database/BaseBuilder.php(1455): CodeIgniter\Database\BaseConnection->query('SELECT *\nFROM `...', Array, false)
#4 /Applications/MAMP/htdocs/tiketkapal/app/Models/M_pesantiket.php(47): CodeIgniter\Database\BaseBuilder->get()
#5 /Applications/MAMP/htdocs/tiketkapal/app/Controllers/Laporan.php(33): App\Models\M_pesantiket->filter(Array)
#6 /Applications/MAMP/htdocs/tiketkapal/system/CodeIgniter.php(832): App\Controllers\Laporan->filter()
#7 /Applications/MAMP/htdocs/tiketkapal/system/CodeIgniter.php(419): CodeIgniter\CodeIgniter->runController(Object(App\Controllers\Laporan))
#8 /Applications/MAMP/htdocs/tiketkapal/system/CodeIgniter.php(326): CodeIgniter\CodeIgniter->handleRequest(NULL, Object(Config\Cache), false)
#9 /Applications/MAMP/htdocs/tiketkapal/public/index.php(37): CodeIgniter\CodeIgniter->run()
#10 /Applications/MAMP/htdocs/tiketkapal/system/Commands/Server/rewrite.php(43): require_once('/Applications/M...')
#11 {main}
